<?xml version="1.0" encoding="UTF-8"?>
<!-- Generated by org.testng.reporters.JUnitReportReporter -->
<testsuite name="com.customerportal.tests.BasePageTest" tests="1" time="0.043" ignored="0" failures="0" timestamp="27 Oct 2017 06:32:57 GMT" skipped="0" hostname="Giridhar-pc" errors="0">
  <testcase name="verifyHomePage" time="0.043" classname="com.customerportal.tests.BasePageTest"/>
</testsuite> <!-- com.customerportal.tests.BasePageTest -->
